2024-10-11 02:54:37.312 INFO  Test method has started.
2024-10-11 02:54:44.503 INFO  registerTest test method has finished. -->Passed
2024-10-11 02:54:44.513 INFO  Test method has started.
2024-10-11 02:54:46.369 INFO  loginTest test method has finished. -->Passed
2024-10-11 02:54:46.372 INFO  Test method has started.
2024-10-11 02:54:47.626 INFO  updateAccountTest test method has finished. -->Passed
2024-10-11 02:54:47.627 INFO  Test method has started.
2024-10-11 02:54:48.281 INFO  logoutTest test method has finished. -->Passed
2024-10-11 02:57:45.865 INFO  Test başladı: logTest()
2024-10-11 02:57:45.868 INFO  Test başarılı: Sonuç = 8
2024-10-11 02:57:45.868 INFO  Test bitti: logTest()
2024-10-11 02:58:10.778 INFO  Test başladı: logTest()
2024-10-11 02:58:10.785 INFO  Test başarılı: Sonuç = 8
2024-10-11 02:58:10.785 INFO  Test bitti: logTest()
2024-10-12 00:23:30.124 INFO  Test method has started.
2024-10-12 00:24:00.190 INFO  registerTest test method has finished. -->Failed
2024-10-12 00:24:04.709 INFO  Test method has started.
2024-10-12 00:24:21.230 INFO  loginTest test method has finished. -->Failed
2024-10-12 00:26:51.246 INFO  Test method has started.
2024-10-12 00:27:21.333 INFO  registerTest test method has finished. -->Failed
2024-10-12 11:54:27.563 INFO  Test method has started.
2024-10-12 11:54:29.793 INFO  googleSearch test method has finished. -->Passed
2024-10-12 11:54:52.676 INFO  Test method has started.
2024-10-12 11:54:54.404 INFO  googleSearch test method has finished. -->Passed
2024-10-12 11:55:46.913 INFO  Test method has started.
2024-10-12 11:56:02.839 INFO  registerTest test method has finished. -->Failed
2024-10-12 11:56:06.877 INFO  Test method has started.
2024-10-12 11:56:08.253 INFO  loginTest test method has finished. -->Failed
2024-10-12 12:11:38.138 INFO  Test method has started.
2024-10-12 12:12:09.199 INFO  loginTest test method has finished. -->Passed
2024-10-12 12:12:09.203 INFO  Test method has started.
2024-10-12 12:12:09.552 INFO  logoutTest test method has finished. -->Passed
2024-10-12 12:19:24.876 INFO  Test method has started.
2024-10-12 12:19:56.275 INFO  registerTest test method has finished. -->Failed
2024-10-12 12:21:23.355 INFO  Test method has started.
2024-10-12 12:21:54.654 INFO  registerTest test method has finished. -->Failed
2024-10-12 15:36:36.115 INFO  Test method has started.
2024-10-12 15:36:37.303 INFO  loginTest test method has finished. -->Passed
2024-10-12 15:36:37.308 INFO  Test method has started.
2024-10-12 15:36:37.467 INFO  addProductToCartTest test method has finished. -->Passed
2024-10-12 15:36:37.470 INFO  Test method has started.
2024-10-12 15:36:37.703 INFO  logoutTest test method has finished. -->Passed
2024-10-12 15:37:07.716 INFO  Test method has started.
2024-10-12 15:37:08.679 INFO  loginTest test method has finished. -->Passed
2024-10-12 15:37:08.685 INFO  Test method has started.
2024-10-12 15:37:08.833 INFO  addProductToCartTest test method has finished. -->Passed
2024-10-12 15:37:08.834 INFO  Test method has started.
2024-10-12 15:37:09.064 INFO  logoutTest test method has finished. -->Passed
2024-10-12 15:37:20.781 INFO  Test method has started.
2024-10-12 15:37:29.516 INFO  loginTest test method has finished. -->Failed
2024-10-12 15:40:28.515 INFO  Test method has started.
2024-10-12 15:40:48.424 INFO  registerTest test method has finished. -->Failed
2024-10-12 15:44:17.767 INFO  Test method has started.
2024-10-12 15:44:18.695 INFO  loginTest test method has finished. -->Passed
2024-10-12 15:44:18.701 INFO  Test method has started.
2024-10-12 15:44:18.801 INFO  addProductToCartTest test method has finished. -->Passed
2024-10-12 15:44:18.802 INFO  Test method has started.
2024-10-12 15:44:19.091 INFO  logoutTest test method has finished. -->Passed
2024-10-12 15:46:09.662 INFO  Test method has started.
2024-10-12 15:46:35.890 INFO  registerTest test method has finished. -->Failed
2024-10-12 15:47:40.551 INFO  Test method has started.
2024-10-12 15:47:41.793 INFO  loginTest test method has finished. -->Passed
2024-10-12 15:47:41.803 INFO  Test method has started.
2024-10-12 15:47:42.008 INFO  addProductToCartTest test method has finished. -->Passed
2024-10-12 15:47:42.011 INFO  Test method has started.
2024-10-12 15:47:42.609 INFO  checkoutTest test method has finished. -->Failed
2024-10-12 15:48:51.115 INFO  Test method has started.
2024-10-12 15:48:52.568 INFO  loginTest test method has finished. -->Passed
2024-10-12 15:48:52.579 INFO  Test method has started.
2024-10-12 15:48:52.806 INFO  addProductToCartTest test method has finished. -->Passed
2024-10-12 15:48:52.810 INFO  Test method has started.
2024-10-12 15:48:53.506 INFO  checkoutTest test method has finished. -->Failed
2024-10-12 15:49:32.728 INFO  Test method has started.
2024-10-12 15:49:33.907 INFO  loginTest test method has finished. -->Passed
2024-10-12 15:49:33.918 INFO  Test method has started.
2024-10-12 15:49:34.143 INFO  addProductToCartTest test method has finished. -->Passed
2024-10-12 15:49:34.146 INFO  Test method has started.
2024-10-12 15:49:34.825 INFO  checkoutTest test method has finished. -->Passed
2024-10-12 15:49:34.829 INFO  Test method has started.
2024-10-12 15:49:35.112 INFO  logoutTest test method has finished. -->Passed
2024-10-12 15:56:58.383 INFO  Test method has started.
2024-10-12 15:56:59.283 INFO  loginTest test method has finished. -->Passed
2024-10-12 15:56:59.289 INFO  Test method has started.
2024-10-12 15:56:59.384 INFO  addProductToCartTest test method has finished. -->Passed
2024-10-12 15:56:59.386 INFO  Test method has started.
2024-10-12 15:56:59.788 INFO  checkoutTest test method has finished. -->Passed
2024-10-12 15:56:59.791 INFO  Test method has started.
2024-10-12 15:56:59.979 INFO  logoutTest test method has finished. -->Passed
2024-10-12 16:01:07.644 INFO  Test method has started.
2024-10-12 16:01:13.573 INFO  registerTest test method has finished. -->Failed
2024-10-14 17:02:46.630 INFO  Test method has started.
2024-10-14 17:02:54.447 INFO  registerTest test method has finished. -->Passed
2024-10-14 17:02:54.514 INFO  Test method has started.
2024-10-14 17:02:57.513 INFO  loginTest test method has finished. -->Passed
2024-10-14 17:02:57.516 INFO  Test method has started.
2024-10-14 17:02:59.166 INFO  updateAccountTest test method has finished. -->Passed
2024-10-14 17:02:59.168 INFO  Test method has started.
2024-10-14 17:03:00.155 INFO  logoutTest test method has finished. -->Passed
2024-10-14 17:24:19.106 INFO  Test method has started.
2024-10-14 17:24:25.633 INFO  crossBrowserTest test method has finished. -->Passed
2024-10-14 17:34:16.342 INFO  Test Method has started.
2024-10-14 17:34:23.185 INFO  crossBrowserTest test method has finished. --> Passed
2024-10-14 17:34:56.176 INFO  Test Method has started.
2024-10-14 17:35:00.795 INFO  crossBrowserTest test method has finished. --> Passed
2024-10-14 17:38:15.048 INFO  Test Method has started.
2024-10-14 17:38:25.024 INFO  Test Method has started.
2024-10-14 17:38:25.681 INFO  crossBrowserTest test method has finished. --> Passed
2024-10-14 17:38:34.164 INFO  crossBrowserTest test method has finished. --> Passed
2024-10-14 17:38:38.096 INFO  Test Method has started.
2024-10-14 17:38:42.692 INFO  crossBrowserTest test method has finished. --> Passed
2024-10-16 17:12:40.060 INFO  Test method has started.
2024-10-16 17:12:42.479 INFO  loginWithDataProvider test method has finished. -->Passed
2024-10-16 17:37:23.316 INFO  Test method has started.
2024-10-16 17:37:27.648 INFO  loginWithDataProvider test method has finished. -->Passed
2024-10-16 17:37:27.657 INFO  Test method has started.
2024-10-16 17:37:58.704 INFO  loginWithDataProvider test method has finished. -->Failed
2024-10-16 17:38:39.404 INFO  Test method has started.
2024-10-16 17:38:42.429 INFO  loginWithDataProvider test method has finished. -->Passed
2024-10-16 17:38:42.432 INFO  Test method has started.
2024-10-16 17:39:13.086 INFO  loginWithDataProvider test method has finished. -->Failed
2024-10-16 17:42:50.210 INFO  Test method has started.
2024-10-16 17:42:53.781 INFO  loginWithDataProvider test method has finished. -->Passed
2024-10-16 17:42:53.793 INFO  Test method has started.
2024-10-16 17:43:24.439 INFO  loginWithDataProvider test method has finished. -->Failed
2024-10-16 17:44:44.706 INFO  Test method has started.
2024-10-16 17:44:47.580 INFO  loginWithDataProvider test method has finished. -->Passed
2024-10-16 17:44:47.586 INFO  Test method has started.
2024-10-16 17:44:48.394 INFO  loginWithDataProvider test method has finished. -->Passed
2024-10-16 17:45:37.750 INFO  Test method has started.
2024-10-16 17:45:40.522 INFO  loginWithDataProvider test method has finished. -->Passed
2024-10-16 17:45:40.529 INFO  Test method has started.
2024-10-16 17:45:41.128 INFO  loginWithDataProvider test method has finished. -->Passed
2024-10-16 17:45:41.129 INFO  Test method has started.
2024-10-16 17:45:41.825 INFO  loginWithDataProvider test method has finished. -->Passed
2024-10-16 17:45:41.833 INFO  Test method has started.
2024-10-16 17:45:47.521 INFO  loginWithDataProvider test method has finished. -->Passed
2024-10-16 17:45:47.534 INFO  Test method has started.
2024-10-16 17:45:48.041 INFO  loginWithDataProvider test method has finished. -->Passed
2024-10-16 17:45:48.043 INFO  Test method has started.
2024-10-16 17:46:18.438 INFO  loginWithDataProvider test method has finished. -->Failed
2024-10-16 17:46:18.439 INFO  Test method has started.
2024-10-16 17:46:19.288 INFO  loginWithDataProvider test method has finished. -->Passed
2024-10-16 17:46:19.290 INFO  Test method has started.
2024-10-16 17:46:19.724 INFO  loginWithDataProvider test method has finished. -->Passed
2024-10-16 17:50:09.218 INFO  Test method has started.
2024-10-16 17:50:11.571 INFO  loginWithDataProvider test method has finished. -->Passed
2024-10-16 17:50:11.574 INFO  Test method has started.
2024-10-16 17:50:12.013 INFO  loginWithDataProvider test method has finished. -->Passed
2024-10-16 17:50:12.018 INFO  Test method has started.
2024-10-16 17:50:12.590 INFO  loginWithDataProvider test method has finished. -->Passed
2024-10-16 17:50:12.593 INFO  Test method has started.
2024-10-16 17:50:18.268 INFO  loginWithDataProvider test method has finished. -->Passed
2024-10-16 17:50:18.274 INFO  Test method has started.
2024-10-16 17:50:18.578 INFO  loginWithDataProvider test method has finished. -->Passed
2024-10-16 17:50:18.579 INFO  Test method has started.
2024-10-16 17:50:18.877 INFO  loginWithDataProvider test method has finished. -->Passed
2024-10-16 17:50:18.878 INFO  Test method has started.
2024-10-16 17:50:19.815 INFO  loginWithDataProvider test method has finished. -->Passed
2024-10-16 17:50:19.817 INFO  Test method has started.
2024-10-16 17:50:20.184 INFO  loginWithDataProvider test method has finished. -->Passed
2024-10-21 17:24:01.576 INFO  Test method has started.
2024-10-21 17:24:08.202 INFO  loginWithDataProvider test method has finished. -->Passed
2024-10-21 17:24:08.210 INFO  Test method has started.
2024-10-21 17:24:08.932 INFO  loginWithDataProvider test method has finished. -->Passed
2024-10-21 17:24:08.934 INFO  Test method has started.
2024-10-21 17:24:09.790 INFO  loginWithDataProvider test method has finished. -->Passed
2024-10-21 17:24:09.794 INFO  Test method has started.
2024-10-21 17:24:15.535 INFO  loginWithDataProvider test method has finished. -->Passed
2024-10-21 17:24:15.542 INFO  Test method has started.
2024-10-21 17:24:16.108 INFO  loginWithDataProvider test method has finished. -->Passed
2024-10-21 17:24:16.109 INFO  Test method has started.
2024-10-21 17:24:16.706 INFO  loginWithDataProvider test method has finished. -->Passed
2024-10-21 17:24:16.709 INFO  Test method has started.
2024-10-21 17:24:17.981 INFO  loginWithDataProvider test method has finished. -->Passed
2024-10-21 17:24:17.983 INFO  Test method has started.
2024-10-21 17:24:18.573 INFO  loginWithDataProvider test method has finished. -->Passed
2024-10-21 17:47:37.791 INFO  Test başladı: logTest()
2024-10-21 17:47:37.799 INFO  Test başarılı: Sonuç = 8
2024-10-21 17:47:37.800 INFO  Test bitti: logTest()
2025-05-10 15:34:07.269 INFO  Test method has started.
2025-05-10 15:34:24.800 INFO  hardAssertTesting test method has finished. -->Failed
2025-05-10 15:34:24.802 INFO  Test method has started.
2025-05-10 15:34:24.888 INFO  softAssertTesting test method has finished. -->Failed
2025-05-10 15:39:06.106 INFO  Test method has started.
2025-05-10 15:39:09.015 INFO  hardAssertTest test method has finished. -->Failed
2025-05-10 15:39:09.021 INFO  Test method has started.
2025-05-10 15:39:13.181 INFO  softAssertTest test method has finished. -->Passed
2025-05-10 15:40:45.870 INFO  Test method has started.
2025-05-10 15:40:50.462 INFO  hardAssertTest test method has finished. -->Failed
2025-05-10 15:40:50.470 INFO  Test method has started.
2025-05-10 15:40:52.505 INFO  softAssertTest test method has finished. -->Passed
2025-05-10 15:41:52.742 INFO  Test method has started.
2025-05-10 15:42:24.946 INFO  hardAssertTest test method has finished. -->Failed
2025-05-10 15:42:24.948 INFO  Test method has started.
2025-05-10 15:42:26.626 INFO  softAssertTest test method has finished. -->Passed
2025-05-10 15:45:26.713 INFO  Test method has started.
2025-05-10 15:45:29.362 INFO  hardAssertTest test method has finished. -->Failed
2025-05-10 15:45:29.366 INFO  Test method has started.
2025-05-10 15:45:32.721 INFO  softAssertTest test method has finished. -->Passed
2025-05-10 15:46:56.274 INFO  Test method has started.
2025-05-10 15:47:02.958 INFO  hardAssertTest test method has finished. -->Passed
2025-05-10 15:47:02.962 INFO  Test method has started.
2025-05-10 15:47:05.849 INFO  softAssertTest test method has finished. -->Passed
2025-05-10 15:48:12.183 INFO  Test method has started.
2025-05-10 15:48:17.483 INFO  hardAssertTest test method has finished. -->Passed
2025-05-10 15:48:17.487 INFO  Test method has started.
2025-05-10 15:48:18.500 INFO  softAssertTest test method has finished. -->Failed
2025-05-10 15:49:11.109 INFO  Test method has started.
2025-05-10 15:49:14.029 INFO  hardAssertTest test method has finished. -->Failed
2025-05-10 15:49:14.035 INFO  Test method has started.
2025-05-10 15:49:45.091 INFO  softAssertTest test method has finished. -->Failed
2025-05-10 15:50:33.748 INFO  Test method has started.
2025-05-10 15:50:36.655 INFO  hardAssertTest test method has finished. -->Failed
2025-05-10 15:50:36.658 INFO  Test method has started.
2025-05-10 15:50:37.607 INFO  softAssertTest test method has finished. -->Failed
2025-05-10 15:51:25.207 INFO  Test method has started.
2025-05-10 15:51:31.175 INFO  hardAssertTest test method has finished. -->Passed
2025-05-10 15:51:31.178 INFO  Test method has started.
2025-05-10 15:51:32.247 INFO  softAssertTest test method has finished. -->Failed
2025-05-10 15:52:28.580 INFO  Test method has started.
2025-05-10 15:52:34.819 INFO  hardAssertTest test method has finished. -->Passed
2025-05-10 15:52:34.822 INFO  Test method has started.
2025-05-10 15:52:36.184 INFO  softAssertTest test method has finished. -->Failed
2025-05-10 15:53:57.217 INFO  Test method has started.
2025-05-10 15:54:01.937 INFO  hardAssertTest test method has finished. -->Passed
2025-05-10 15:54:01.939 INFO  Test method has started.
2025-05-10 15:54:02.565 INFO  softAssertTest test method has finished. -->Failed
2025-05-10 15:54:50.245 INFO  Test method has started.
2025-05-10 15:54:53.039 INFO  hardAssertTest test method has finished. -->Failed
2025-05-10 15:54:53.043 INFO  Test method has started.
2025-05-10 15:54:56.449 INFO  softAssertTest test method has finished. -->Passed
2025-05-10 16:02:11.205 INFO  Test method has started.
2025-05-10 16:02:45.362 INFO  hardAssertTest test method has finished. -->Failed
2025-05-10 16:04:34.628 INFO  Test method has started.
2025-05-10 16:04:39.313 INFO  hardAssertTest test method has finished. -->Passed
2025-05-10 16:05:07.561 INFO  Test method has started.
2025-05-10 16:05:12.094 INFO  softAssertTest test method has finished. -->Passed
2025-05-10 16:06:38.417 INFO  Test method has started.
2025-05-10 16:06:43.002 INFO  softAssertTest test method has finished. -->Failed
2025-05-10 16:09:14.420 INFO  Test method has started.
2025-05-10 16:09:18.467 INFO  hardAssertTest test method has finished. -->Failed
2025-05-10 16:09:48.046 INFO  Test method has started.
2025-05-10 16:09:53.430 INFO  hardAssertTest test method has finished. -->Passed
2025-05-10 16:12:03.140 INFO  Test method has started.
2025-05-10 16:12:05.223 INFO  hardAssertTest test method has finished. -->Failed
2025-05-10 16:12:05.230 INFO  Test method has started.
2025-05-10 16:12:08.152 INFO  softAssertTest test method has finished. -->Failed
2025-05-10 16:13:57.980 INFO  Test method has started.
2025-05-10 16:14:00.579 INFO  hardAssertTest test method has finished. -->Failed
2025-05-10 16:14:00.581 INFO  Test method has started.
2025-05-10 16:14:31.036 INFO  softAssertTest test method has finished. -->Failed
2025-05-10 16:15:03.686 INFO  Test method has started.
2025-05-10 16:15:07.841 INFO  hardAssertTest test method has finished. -->Passed
2025-05-10 16:15:07.845 INFO  Test method has started.
2025-05-10 16:15:08.552 INFO  softAssertTest test method has finished. -->Failed
2025-05-10 16:16:03.624 INFO  Test method has started.
2025-05-10 16:16:06.926 INFO  hardAssertTest test method has finished. -->Passed
2025-05-10 16:16:06.928 INFO  Test method has started.
2025-05-10 16:16:07.484 INFO  softAssertTest test method has finished. -->Failed
2025-05-10 16:16:25.193 INFO  Test method has started.
2025-05-10 16:16:28.410 INFO  hardAssertTest test method has finished. -->Passed
2025-05-10 16:16:28.412 INFO  Test method has started.
2025-05-10 16:16:29.037 INFO  softAssertTest test method has finished. -->Failed
2025-05-10 16:20:52.674 INFO  Test method has started.
2025-05-10 16:20:59.009 INFO  registerTest test method has finished. -->Passed
2025-05-10 16:20:59.024 INFO  Test method has started.
2025-05-10 16:21:01.579 INFO  loginTest test method has finished. -->Passed
2025-05-10 16:21:36.565 INFO  Test method has started.
2025-05-10 16:21:44.179 INFO  registerTest test method has finished. -->Passed
2025-05-10 16:21:44.197 INFO  Test method has started.
2025-05-10 16:21:46.231 INFO  loginTest test method has finished. -->Passed
2025-05-10 16:22:16.906 INFO  Test method has started.
2025-05-10 16:22:24.211 INFO  registerTest test method has finished. -->Passed
2025-05-10 16:22:24.227 INFO  Test method has started.
2025-05-10 16:22:26.473 INFO  loginTest test method has finished. -->Passed
2025-05-10 16:22:26.475 INFO  Test method has started.
2025-05-10 16:22:27.813 INFO  updateAccountTest test method has finished. -->Passed
2025-05-10 16:26:36.117 INFO  Test Method has started.
2025-05-10 16:26:39.453 INFO  Test Method has started.
2025-05-10 16:26:43.899 INFO  crossBrowserTest test method has finished. --> Failed
2025-05-10 16:26:44.644 INFO  crossBrowserTest test method has finished. --> Failed
2025-05-10 16:26:50.364 INFO  Test Method has started.
2025-05-10 16:26:51.953 INFO  crossBrowserTest test method has finished. --> Failed
2025-05-10 16:27:51.101 INFO  Test method has started.
2025-05-10 16:27:56.223 INFO  crossBrowserTest test method has finished. -->Failed
2025-05-10 16:29:17.456 INFO  Test method has started.
2025-05-10 16:29:42.792 INFO  crossBrowserTest test method has finished. -->Failed
2025-05-10 16:29:53.863 INFO  Test method has started.
2025-05-10 16:30:28.039 INFO  crossBrowserTest test method has finished. -->Failed
2025-05-10 16:31:20.818 INFO  Test method has started.
2025-05-10 16:31:24.652 INFO  crossBrowserTest test method has finished. -->Passed
2025-05-10 16:35:45.346 INFO  Test method has started.
2025-05-10 16:35:51.203 INFO  crossBrowserTest test method has finished. -->Passed
2025-05-10 16:36:24.133 INFO  Test Method has started.
2025-05-10 16:36:24.361 INFO  Test Method has started.
2025-05-10 16:36:31.991 INFO  crossBrowserTest test method has finished. --> Passed
2025-05-10 16:36:34.691 INFO  crossBrowserTest test method has finished. --> Passed
2025-05-10 16:36:39.005 INFO  Test Method has started.
2025-05-10 16:36:42.887 INFO  crossBrowserTest test method has finished. --> Passed
2025-05-10 16:39:40.078 INFO  Test method has started.
2025-05-10 16:39:45.235 INFO  duckDuckGoSearch test method has finished. -->Passed
2025-05-10 16:43:26.202 INFO  Test method has started.
2025-05-10 16:43:58.755 INFO  hardAssertTesting test method has finished. -->Failed
2025-05-10 16:43:58.757 INFO  Test method has started.
2025-05-10 16:44:30.860 INFO  softAssertTesting test method has finished. -->Failed
2025-05-10 16:55:15.433 INFO  Test method has started.
2025-05-10 16:55:19.361 INFO  hardAssertTesting test method has finished. -->Passed
2025-05-10 16:55:19.364 INFO  Test method has started.
2025-05-10 16:55:21.115 INFO  softAssertTesting test method has finished. -->Passed
2025-05-11 12:20:41.459 INFO  Test method has started.
2025-05-11 12:20:44.212 INFO  hardAssertTest test method has finished. -->Passed
2025-05-11 12:20:44.215 INFO  Test method has started.
2025-05-11 12:20:44.680 INFO  softAssertTest test method has finished. -->Failed
2025-05-11 12:24:22.967 INFO  Test method has started.
2025-05-11 12:24:27.395 INFO  hardAssertTest test method has finished. -->Passed
2025-05-11 12:24:27.398 INFO  Test method has started.
2025-05-11 12:24:27.979 INFO  softAssertTest test method has finished. -->Failed
2025-05-11 12:26:34.903 INFO  Test method has started.
2025-05-11 12:26:38.990 INFO  hardAssertTesting test method has finished. -->Passed
2025-05-11 12:26:38.995 INFO  Test method has started.
2025-05-11 12:26:40.786 INFO  softAssertTesting test method has finished. -->Passed
2025-05-11 12:29:14.716 INFO  Test method has started.
2025-05-11 12:29:19.394 INFO  hardAssertTesting test method has finished. -->Passed
2025-05-11 12:29:19.398 INFO  Test method has started.
2025-05-11 12:29:21.417 INFO  softAssertTesting test method has finished. -->Failed
2025-05-11 12:30:43.548 INFO  Test method has started.
2025-05-11 12:30:49.013 INFO  hardAssertTesting test method has finished. -->Passed
2025-05-11 12:30:49.018 INFO  Test method has started.
2025-05-11 12:30:51.326 INFO  softAssertTesting test method has finished. -->Failed
2025-05-13 18:35:06.928 INFO  Test method has started.
2025-05-13 18:35:11.328 INFO  loginTest test method has finished. -->Passed
2025-05-13 18:35:11.358 INFO  Test method has started.
2025-05-13 18:35:11.677 INFO  addProductToCartTest test method has finished. -->Passed
2025-05-13 18:35:11.687 INFO  Test method has started.
2025-05-13 18:35:41.762 INFO  checkoutTest test method has finished. -->Failed
2025-05-13 18:37:14.091 INFO  Test method has started.
2025-05-13 18:37:18.306 INFO  loginTest test method has finished. -->Passed
2025-05-13 18:37:18.315 INFO  Test method has started.
2025-05-13 18:37:18.622 INFO  addProductToCartTest test method has finished. -->Passed
2025-05-13 18:37:18.625 INFO  Test method has started.
2025-05-13 18:37:19.239 INFO  checkoutTest test method has finished. -->Passed
2025-05-13 18:37:19.242 INFO  Test method has started.
2025-05-13 18:37:19.558 INFO  logoutTest test method has finished. -->Passed
2025-05-13 18:42:01.952 INFO  Test method has started.
2025-05-13 18:42:06.456 INFO  loginTest test method has finished. -->Passed
2025-05-13 18:42:06.464 INFO  Test method has started.
2025-05-13 18:42:06.661 INFO  addProductToCartTest test method has finished. -->Passed
2025-05-13 18:42:06.664 INFO  Test method has started.
2025-05-13 18:42:07.074 INFO  checkoutTest test method has finished. -->Passed
2025-05-13 18:42:07.077 INFO  Test method has started.
2025-05-13 18:42:07.375 INFO  logoutTest test method has finished. -->Passed
2025-05-13 18:43:10.814 INFO  Test method has started.
2025-05-13 18:43:19.994 INFO  registerTest test method has finished. -->Passed
2025-05-13 18:43:20.005 INFO  Test method has started.
2025-05-13 18:43:23.033 INFO  loginTest test method has finished. -->Passed
2025-05-13 18:43:23.038 INFO  Test method has started.
2025-05-13 18:43:24.504 INFO  updateAccountTest test method has finished. -->Passed
2025-05-13 18:43:24.506 INFO  Test method has started.
2025-05-13 18:43:25.312 INFO  logoutTest test method has finished. -->Passed
2025-05-13 18:44:37.266 INFO  Test method has started.
2025-05-13 18:44:46.089 INFO  registerTest test method has finished. -->Passed
2025-05-13 18:44:46.095 INFO  Test method has started.
2025-05-13 18:44:48.514 INFO  loginTest test method has finished. -->Passed
2025-05-13 18:44:48.516 INFO  Test method has started.
2025-05-13 18:44:49.705 INFO  updateAccountTest test method has finished. -->Passed
2025-05-13 18:44:49.707 INFO  Test method has started.
2025-05-13 18:44:50.382 INFO  logoutTest test method has finished. -->Passed
2025-05-14 22:09:39.080 INFO  Test method has started.
2025-05-14 22:09:43.575 INFO  loginTest test method has finished. -->Passed
2025-05-14 22:09:43.584 INFO  Test method has started.
2025-05-14 22:09:43.883 INFO  addProductToCartTest test method has finished. -->Passed
2025-05-14 22:09:43.886 INFO  Test method has started.
2025-05-14 22:09:44.211 INFO  logoutTest test method has finished. -->Passed
2025-05-15 20:18:29.107 INFO  Test method has started.
2025-05-15 20:18:34.922 INFO  duckDuckGoSearch test method has finished. -->Passed
2025-05-15 20:22:43.549 INFO  Test method has started.
2025-05-15 20:22:49.539 INFO  duckDuckGoSearch test method has finished. -->Passed
2025-05-15 20:26:10.609 INFO  Test method has started.
2025-05-15 20:26:19.023 INFO  registerTest test method has finished. -->Passed
2025-05-15 20:26:24.865 INFO  Test method has started.
2025-05-15 20:26:32.378 INFO  loginTest test method has finished. -->Passed
2025-05-15 20:41:32.372 INFO  Test method has started.
2025-05-15 20:41:40.328 INFO  registerTest test method has finished. -->Passed
2025-05-15 20:41:46.328 INFO  Test method has started.
2025-05-15 20:41:54.127 INFO  loginTest test method has finished. -->Passed
2025-05-16 19:07:40.176 INFO  Test Method has started.
2025-05-16 19:07:40.176 INFO  Test Method has started.
2025-05-16 19:07:48.655 INFO  crossBrowserTest test method has finished. --> Passed
2025-05-16 19:07:51.141 INFO  crossBrowserTest test method has finished. --> Passed
2025-05-16 19:07:54.953 INFO  Test Method has started.
2025-05-16 19:07:59.622 INFO  crossBrowserTest test method has finished. --> Passed
2025-05-16 19:09:40.998 INFO  Test Method has started.
2025-05-16 19:09:40.998 INFO  Test Method has started.
2025-05-16 19:09:51.329 INFO  crossBrowserTest test method has finished. --> Failed
2025-05-16 19:09:51.592 INFO  crossBrowserTest test method has finished. --> Passed
2025-05-16 19:09:55.355 INFO  Test Method has started.
2025-05-16 19:10:00.204 INFO  crossBrowserTest test method has finished. --> Passed
2025-05-16 19:10:25.660 INFO  Test Method has started.
2025-05-16 19:10:25.944 INFO  Test Method has started.
2025-05-16 19:10:34.813 INFO  crossBrowserTest test method has finished. --> Passed
2025-05-16 19:10:37.155 INFO  crossBrowserTest test method has finished. --> Passed
2025-05-16 19:10:39.272 INFO  Test Method has started.
2025-05-16 19:10:43.683 INFO  crossBrowserTest test method has finished. --> Passed
2025-05-16 19:11:04.654 INFO  Test Method has started.
2025-05-16 19:11:04.889 INFO  Test Method has started.
2025-05-16 19:11:16.338 INFO  crossBrowserTest test method has finished. --> Passed
2025-05-16 19:11:16.338 INFO  crossBrowserTest test method has finished. --> Failed
2025-05-16 19:11:22.554 INFO  Test Method has started.
2025-05-16 19:11:25.880 INFO  crossBrowserTest test method has finished. --> Passed
2025-05-16 19:12:26.588 INFO  Test Method has started.
2025-05-16 19:12:32.766 INFO  crossBrowserTest test method has finished. --> Passed
2025-05-16 19:12:34.708 INFO  Test Method has started.
2025-05-16 19:12:39.052 INFO  crossBrowserTest test method has finished. --> Passed
2025-05-16 19:13:57.205 INFO  Test Method has started.
2025-05-16 19:14:07.881 INFO  crossBrowserTest test method has finished. --> Passed
2025-05-16 19:14:11.773 INFO  Test Method has started.
2025-05-16 19:14:17.407 INFO  crossBrowserTest test method has finished. --> Passed
2025-05-16 21:54:08.151 INFO  Test method has started.
2025-05-16 21:54:12.223 INFO  loginWithDataProvider test method has finished. -->Passed
2025-05-16 21:54:12.225 INFO  Test method has started.
2025-05-16 21:54:12.793 INFO  loginWithDataProvider test method has finished. -->Passed
2025-05-16 21:54:12.796 INFO  Test method has started.
2025-05-16 21:54:13.453 INFO  loginWithDataProvider test method has finished. -->Passed
2025-05-16 21:54:13.453 INFO  Test method has started.
2025-05-16 21:54:19.048 INFO  loginWithDataProvider test method has finished. -->Passed
2025-05-16 21:54:19.053 INFO  Test method has started.
2025-05-16 21:54:19.416 INFO  loginWithDataProvider test method has finished. -->Passed
2025-05-16 21:54:19.416 INFO  Test method has started.
2025-05-16 21:54:19.766 INFO  loginWithDataProvider test method has finished. -->Passed
2025-05-16 21:54:19.766 INFO  Test method has started.
2025-05-16 21:54:20.370 INFO  loginWithDataProvider test method has finished. -->Passed
2025-05-16 21:54:20.371 INFO  Test method has started.
2025-05-16 21:54:20.765 INFO  loginWithDataProvider test method has finished. -->Passed
2025-05-16 22:12:44.005 INFO  Test method has started.
2025-05-16 22:12:48.215 INFO  loginTest test method has finished. -->Passed
2025-05-16 22:12:48.218 INFO  Test method has started.
2025-05-16 22:12:48.895 INFO  loginTest test method has finished. -->Passed
2025-05-16 22:12:48.895 INFO  Test method has started.
2025-05-16 22:12:49.426 INFO  loginTest test method has finished. -->Passed
2025-05-16 22:12:49.428 INFO  Test method has started.
2025-05-16 22:12:55.015 INFO  loginTest test method has finished. -->Passed
2025-05-16 22:12:55.026 INFO  Test method has started.
2025-05-16 22:12:55.465 INFO  loginTest test method has finished. -->Passed
2025-05-16 22:12:55.465 INFO  Test method has started.
2025-05-16 22:12:56.024 INFO  loginTest test method has finished. -->Passed
2025-05-16 22:12:56.028 INFO  Test method has started.
2025-05-16 22:12:56.515 INFO  loginTest test method has finished. -->Passed
2025-05-16 22:12:56.515 INFO  Test method has started.
2025-05-16 22:12:57.115 INFO  loginTest test method has finished. -->Passed
2025-05-16 22:12:57.118 INFO  Test method has started.
2025-05-16 22:12:57.660 INFO  loginTest test method has finished. -->Passed
2025-05-16 22:12:57.667 INFO  Test method has started.
2025-05-16 22:12:58.115 INFO  loginTest test method has finished. -->Passed
2025-05-16 22:27:31.983 INFO  Test başladı: logTest()
2025-05-16 22:27:31.997 INFO  Test başarılı: Sonuç = 8
2025-05-16 22:27:31.998 INFO  Test bitti: logTest()
